Using pre-set license
Built from '2020.3/staging' branch; Version is '2020.3.17f1 (a4537701e4ab) revision 10769271'; Using compiler version '192528614'; Build Type 'Release'
OS: 'Windows 10 Home; OS build 19042.1348; Version 2009; 64bit' Language: 'en' Physical Memory: 32569 MB
BatchMode: 1, IsHumanControllingUs: 0, StartBugReporterOnCrash: 0, Is64bit: 1, IsPro: 0

COMMAND LINE ARGUMENTS:
C:\Program Files\Unity\Hub\Editor\2020.3.17f1\Editor\Unity.exe
-adb2
-batchMode
-noUpm
-name
AssetImportWorker0
-projectPath
D:/GBC/GBC Courses/Sem5/Engines_GAME3023/GAME3023-Assignment-Idris-Sangha-
-logFile
Logs/AssetImportWorker0.log
-srvPort
50462
Successfully changed project path to: D:/GBC/GBC Courses/Sem5/Engines_GAME3023/GAME3023-Assignment-Idris-Sangha-
D:/GBC/GBC Courses/Sem5/Engines_GAME3023/GAME3023-Assignment-Idris-Sangha-
Using Asset Import Pipeline V2.
Refreshing native plugins compatible for Editor in 89.89 ms, found 3 plugins.
Preloading 0 native plugins for Editor in 0.00 ms.
Initialize engine version: 2020.3.17f1 (a4537701e4ab)
[Subsystems] Discovering subsystems at path C:/Program Files/Unity/Hub/Editor/2020.3.17f1/Editor/Data/Resources/UnitySubsystems
[Subsystems] Discovering subsystems at path D:/GBC/GBC Courses/Sem5/Engines_GAME3023/GAME3023-Assignment-Idris-Sangha-/Assets
GfxDevice: creating device client; threaded=0
Direct3D:
    Version:  Direct3D 11.0 [level 11.1]
    Renderer: NVIDIA GeForce RTX 2070 SUPER (ID=0x1e84)
    Vendor:   
    VRAM:     8011 MB
    Driver:   30.0.14.9613
Initialize mono
Mono path[0] = 'C:/Program Files/Unity/Hub/Editor/2020.3.17f1/Editor/Data/Managed'
Mono path[1] = 'C:/Program Files/Unity/Hub/Editor/2020.3.17f1/Editor/Data/MonoBleedingEdge/lib/mono/unityjit'
Mono config path = 'C:/Program Files/Unity/Hub/Editor/2020.3.17f1/Editor/Data/MonoBleedingEdge/etc'
Using monoOptions --debugger-agent=transport=dt_socket,embedding=1,server=y,suspend=n,address=127.0.0.1:56816
Begin MonoManager ReloadAssembly
Registering precompiled unity dll's ...
Register platform support module: C:/Program Files/Unity/Hub/Editor/2020.3.17f1/Editor/Data/PlaybackEngines/WebGLSupport/UnityEditor.WebGL.Extensions.dll
Register platform support module: C:/Program Files/Unity/Hub/Editor/2020.3.17f1/Editor/Data/PlaybackEngines/WindowsStandaloneSupport/UnityEditor.WindowsStandalone.Extensions.dll
Registered in 0.003878 seconds.
Native extension for WindowsStandalone target not found
Native extension for WebGL target not found
Refreshing native plugins compatible for Editor in 88.28 ms, found 3 plugins.
Preloading 0 native plugins for Editor in 0.00 ms.
Mono: successfully reloaded assembly
- Completed reload, in  1.477 seconds
Domain Reload Profiling:
	ReloadAssembly (1477ms)
		BeginReloadAssembly (74ms)
			ExecutionOrderSort (0ms)
			DisableScriptedObjects (0ms)
			BackupInstance (0ms)
			ReleaseScriptingObjects (0ms)
			CreateAndSetChildDomain (1ms)
		EndReloadAssembly (542ms)
			LoadAssemblies (72ms)
			RebuildTransferFunctionScriptingTraits (0ms)
			SetupTypeCache (179ms)
			ReleaseScriptCaches (0ms)
			RebuildScriptCaches (36ms)
			SetupLoadedEditorAssemblies (240ms)
				LogAssemblyErrors (0ms)
				InitializePlatformSupportModulesInManaged (6ms)
				SetLoadedEditorAssemblies (0ms)
				RefreshPlugins (88ms)
				BeforeProcessingInitializeOnLoad (19ms)
				ProcessInitializeOnLoadAttributes (94ms)
				ProcessInitializeOnLoadMethodAttributes (32ms)
				AfterProcessingInitializeOnLoad (0ms)
				EditorAssembliesLoaded (0ms)
			ExecutionOrderSort2 (0ms)
			AwakeInstancesAfterBackupRestoration (0ms)
Platform modules already initialized, skipping
Registering precompiled user dll's ...
Registered in 0.007489 seconds.
Begin MonoManager ReloadAssembly
Native extension for WindowsStandalone target not found
Native extension for WebGL target not found
Refreshing native plugins compatible for Editor in 89.73 ms, found 3 plugins.
Preloading 0 native plugins for Editor in 0.00 ms.
Mono: successfully reloaded assembly
- Completed reload, in  1.607 seconds
Domain Reload Profiling:
	ReloadAssembly (1609ms)
		BeginReloadAssembly (183ms)
			ExecutionOrderSort (0ms)
			DisableScriptedObjects (5ms)
			BackupInstance (0ms)
			ReleaseScriptingObjects (0ms)
			CreateAndSetChildDomain (20ms)
		EndReloadAssembly (1348ms)
			LoadAssemblies (135ms)
			RebuildTransferFunctionScriptingTraits (0ms)
			SetupTypeCache (398ms)
			ReleaseScriptCaches (1ms)
			RebuildScriptCaches (66ms)
			SetupLoadedEditorAssemblies (602ms)
				LogAssemblyErrors (0ms)
				InitializePlatformSupportModulesInManaged (6ms)
				SetLoadedEditorAssemblies (0ms)
				RefreshPlugins (90ms)
				BeforeProcessingInitializeOnLoad (124ms)
				ProcessInitializeOnLoadAttributes (354ms)
				ProcessInitializeOnLoadMethodAttributes (17ms)
				AfterProcessingInitializeOnLoad (10ms)
				EditorAssembliesLoaded (0ms)
			ExecutionOrderSort2 (0ms)
			AwakeInstancesAfterBackupRestoration (8ms)
Platform modules already initialized, skipping
========================================================================
Worker process is ready to serve import requests
Launched and connected shader compiler UnityShaderCompiler.exe after 0.05 seconds
Refreshing native plugins compatible for Editor in 0.84 ms, found 3 plugins.
Preloading 0 native plugins for Editor in 0.00 ms.
Unloading 3249 Unused Serialized files (Serialized files now loaded: 0)
System memory in use before: 142.5 MB.
System memory in use after: 142.7 MB.

Unloading 29 unused Assets to reduce memory usage. Loaded Objects now: 3686.
Total: 4.005800 ms (FindLiveObjects: 0.332800 ms CreateObjectMapping: 0.195600 ms MarkObjects: 3.402100 ms  DeleteObjects: 0.074200 ms)

AssetImportParameters requested are different than current active one (requested -> active):
  custom:framework-win-MediaFoundation: 216162199b28c13a410421893ffa2e32 -> 
  custom:video-decoder-ogg-theora: a1e56fd34408186e4bbccfd4996cb3dc -> 
  custom:container-muxer-webm: aa71ff27fc2769a1b78a27578f13a17b -> 
  custom:container-demuxer-webm: 4f35f7cbe854078d1ac9338744f61a02 -> 
  custom:container-demuxer-ogg: 62fdf1f143b41e24485cea50d1cbac27 -> 
  custom:video-encoder-webm-vp8: eb34c28f22e8b96e1ab97ce403110664 -> 
  custom:video-codec-MediaFoundation-h265: 746d11721c4dcdbdad8f713fa42b33f4 -> 
  custom:video-decoder-webm-vp8: 9c59270c3fd7afecdb556c50c9e8de78 -> 
  custom:audio-decoder-ogg-vorbis: bf7c407c2cedff20999df2af8eb42d56 -> 
  custom:audio-encoder-webm-vorbis: bf7c407c2cedff20999df2af8eb42d56 -> 
========================================================================
Received Import Request.
  path: Assets/Scenes
  artifactKey: Guid(d5e03fafe0164e5459cbef3bdc705ebf) Importer(815301076,1909f56bfc062723c751e8b465ee728b)
Start importing Assets/Scenes using Guid(d5e03fafe0164e5459cbef3bdc705ebf) Importer(815301076,1909f56bfc062723c751e8b465ee728b)  -> (artifact id: '0782e533f72d5571718b4c64a42af441') in 0.007400 seconds 
  Import took 0.023798 seconds .

========================================================================
Received Import Request.
  Time since last request: 7.936687 seconds.
  path: Assets/Scenes/StartScreen.unity
  artifactKey: Guid(708817d9941e7ac4fbe13cf462a4b0c5) Importer(815301076,1909f56bfc062723c751e8b465ee728b)
Start importing Assets/Scenes/StartScreen.unity using Guid(708817d9941e7ac4fbe13cf462a4b0c5) Importer(815301076,1909f56bfc062723c751e8b465ee728b)  -> (artifact id: '8c597ce47580bb09f75bcf1ff2dd1e40') in 0.011935 seconds 
  Import took 0.017610 seconds .

========================================================================
Received Import Request.
  Time since last request: 0.003917 seconds.
  path: Assets/Scenes/StartScreen.unity
  artifactKey: Guid(708817d9941e7ac4fbe13cf462a4b0c5) Importer(815301076,1909f56bfc062723c751e8b465ee728b)
Start importing Assets/Scenes/StartScreen.unity using Guid(708817d9941e7ac4fbe13cf462a4b0c5) Importer(815301076,1909f56bfc062723c751e8b465ee728b)  -> (artifact id: '8c597ce47580bb09f75bcf1ff2dd1e40') in 0.003108 seconds 
  Import took 0.008675 seconds .

========================================================================
Received Import Request.
  Time since last request: 112.312387 seconds.
  path: Assets/Scripts/ButtonManager.cs
  artifactKey: Guid(e39bf220dadabb141ac7d0db8365a6ff) Importer(815301076,1909f56bfc062723c751e8b465ee728b)
Start importing Assets/Scripts/ButtonManager.cs using Guid(e39bf220dadabb141ac7d0db8365a6ff) Importer(815301076,1909f56bfc062723c751e8b465ee728b)  -> (artifact id: '34cc110f4540dc7a825068f04c8a90bb') in 0.026095 seconds 
  Import took 0.032719 seconds .

========================================================================
Received Prepare
Registering precompiled user dll's ...
Registered in 0.007351 seconds.
Begin MonoManager ReloadAssembly
Native extension for WindowsStandalone target not found
Native extension for WebGL target not found
Refreshing native plugins compatible for Editor in 0.85 ms, found 3 plugins.
Preloading 0 native plugins for Editor in 0.00 ms.
Mono: successfully reloaded assembly
- Completed reload, in  1.466 seconds
Domain Reload Profiling:
	ReloadAssembly (1467ms)
		BeginReloadAssembly (140ms)
			ExecutionOrderSort (0ms)
			DisableScriptedObjects (8ms)
			BackupInstance (0ms)
			ReleaseScriptingObjects (0ms)
			CreateAndSetChildDomain (44ms)
		EndReloadAssembly (1248ms)
			LoadAssemblies (135ms)
			RebuildTransferFunctionScriptingTraits (0ms)
			SetupTypeCache (411ms)
			ReleaseScriptCaches (1ms)
			RebuildScriptCaches (57ms)
			SetupLoadedEditorAssemblies (493ms)
				LogAssemblyErrors (0ms)
				InitializePlatformSupportModulesInManaged (7ms)
				SetLoadedEditorAssemblies (1ms)
				RefreshPlugins (1ms)
				BeforeProcessingInitializeOnLoad (121ms)
				ProcessInitializeOnLoadAttributes (345ms)
				ProcessInitializeOnLoadMethodAttributes (7ms)
				AfterProcessingInitializeOnLoad (10ms)
				EditorAssembliesLoaded (0ms)
			ExecutionOrderSort2 (0ms)
			AwakeInstancesAfterBackupRestoration (19ms)
Platform modules already initialized, skipping
Refreshing native plugins compatible for Editor in 0.86 ms, found 3 plugins.
Preloading 0 native plugins for Editor in 0.00 ms.
Unloading 3136 Unused Serialized files (Serialized files now loaded: 0)
System memory in use before: 134.9 MB.
System memory in use after: 135.2 MB.

Unloading 17 unused Assets to reduce memory usage. Loaded Objects now: 3690.
Total: 4.258000 ms (FindLiveObjects: 0.344700 ms CreateObjectMapping: 0.182600 ms MarkObjects: 3.710200 ms  DeleteObjects: 0.019600 ms)

AssetImportParameters requested are different than current active one (requested -> active):
  custom:framework-win-MediaFoundation: 216162199b28c13a410421893ffa2e32 -> 
  custom:video-decoder-ogg-theora: a1e56fd34408186e4bbccfd4996cb3dc -> 
  custom:container-muxer-webm: aa71ff27fc2769a1b78a27578f13a17b -> 
  custom:container-demuxer-webm: 4f35f7cbe854078d1ac9338744f61a02 -> 
  custom:container-demuxer-ogg: 62fdf1f143b41e24485cea50d1cbac27 -> 
  custom:video-encoder-webm-vp8: eb34c28f22e8b96e1ab97ce403110664 -> 
  custom:video-codec-MediaFoundation-h265: 746d11721c4dcdbdad8f713fa42b33f4 -> 
  custom:video-decoder-webm-vp8: 9c59270c3fd7afecdb556c50c9e8de78 -> 
  custom:audio-decoder-ogg-vorbis: bf7c407c2cedff20999df2af8eb42d56 -> 
  custom:audio-encoder-webm-vorbis: bf7c407c2cedff20999df2af8eb42d56 -> 
========================================================================
Received Import Request.
  Time since last request: 157.212182 seconds.
  path: Assets/Scripts/ButtonManager.cs
  artifactKey: Guid(e39bf220dadabb141ac7d0db8365a6ff) Importer(815301076,1909f56bfc062723c751e8b465ee728b)
Start importing Assets/Scripts/ButtonManager.cs using Guid(e39bf220dadabb141ac7d0db8365a6ff) Importer(815301076,1909f56bfc062723c751e8b465ee728b)  -> (artifact id: '9dc6fbe7ad3912d20aec0b681b03c663') in 0.009615 seconds 
  Import took 0.016584 seconds .

========================================================================
Received Prepare
Registering precompiled user dll's ...
Registered in 0.008135 seconds.
Begin MonoManager ReloadAssembly
Native extension for WindowsStandalone target not found
Native extension for WebGL target not found
Refreshing native plugins compatible for Editor in 0.87 ms, found 3 plugins.
Preloading 0 native plugins for Editor in 0.00 ms.
Mono: successfully reloaded assembly
- Completed reload, in  1.442 seconds
Domain Reload Profiling:
	ReloadAssembly (1442ms)
		BeginReloadAssembly (137ms)
			ExecutionOrderSort (0ms)
			DisableScriptedObjects (8ms)
			BackupInstance (0ms)
			ReleaseScriptingObjects (0ms)
			CreateAndSetChildDomain (42ms)
		EndReloadAssembly (1228ms)
			LoadAssemblies (134ms)
			RebuildTransferFunctionScriptingTraits (0ms)
			SetupTypeCache (382ms)
			ReleaseScriptCaches (1ms)
			RebuildScriptCaches (55ms)
			SetupLoadedEditorAssemblies (510ms)
				LogAssemblyErrors (0ms)
				InitializePlatformSupportModulesInManaged (7ms)
				SetLoadedEditorAssemblies (1ms)
				RefreshPlugins (1ms)
				BeforeProcessingInitializeOnLoad (121ms)
				ProcessInitializeOnLoadAttributes (363ms)
				ProcessInitializeOnLoadMethodAttributes (7ms)
				AfterProcessingInitializeOnLoad (10ms)
				EditorAssembliesLoaded (0ms)
			ExecutionOrderSort2 (0ms)
			AwakeInstancesAfterBackupRestoration (19ms)
Platform modules already initialized, skipping
Refreshing native plugins compatible for Editor in 0.85 ms, found 3 plugins.
Preloading 0 native plugins for Editor in 0.00 ms.
Unloading 3136 Unused Serialized files (Serialized files now loaded: 0)
System memory in use before: 135.0 MB.
System memory in use after: 135.2 MB.

Unloading 17 unused Assets to reduce memory usage. Loaded Objects now: 3693.
Total: 3.232400 ms (FindLiveObjects: 0.261800 ms CreateObjectMapping: 0.133400 ms MarkObjects: 2.798500 ms  DeleteObjects: 0.018600 ms)

AssetImportParameters requested are different than current active one (requested -> active):
  custom:framework-win-MediaFoundation: 216162199b28c13a410421893ffa2e32 -> 
  custom:video-decoder-ogg-theora: a1e56fd34408186e4bbccfd4996cb3dc -> 
  custom:container-muxer-webm: aa71ff27fc2769a1b78a27578f13a17b -> 
  custom:container-demuxer-webm: 4f35f7cbe854078d1ac9338744f61a02 -> 
  custom:container-demuxer-ogg: 62fdf1f143b41e24485cea50d1cbac27 -> 
  custom:video-encoder-webm-vp8: eb34c28f22e8b96e1ab97ce403110664 -> 
  custom:video-codec-MediaFoundation-h265: 746d11721c4dcdbdad8f713fa42b33f4 -> 
  custom:video-decoder-webm-vp8: 9c59270c3fd7afecdb556c50c9e8de78 -> 
  custom:audio-decoder-ogg-vorbis: bf7c407c2cedff20999df2af8eb42d56 -> 
  custom:audio-encoder-webm-vorbis: bf7c407c2cedff20999df2af8eb42d56 -> 
========================================================================
Received Prepare
Registering precompiled user dll's ...
Registered in 0.007651 seconds.
Begin MonoManager ReloadAssembly
Native extension for WindowsStandalone target not found
Native extension for WebGL target not found
Refreshing native plugins compatible for Editor in 0.86 ms, found 3 plugins.
Preloading 0 native plugins for Editor in 0.00 ms.
Mono: successfully reloaded assembly
- Completed reload, in  1.433 seconds
Domain Reload Profiling:
	ReloadAssembly (1433ms)
		BeginReloadAssembly (134ms)
			ExecutionOrderSort (0ms)
			DisableScriptedObjects (8ms)
			BackupInstance (0ms)
			ReleaseScriptingObjects (0ms)
			CreateAndSetChildDomain (39ms)
		EndReloadAssembly (1220ms)
			LoadAssemblies (135ms)
			RebuildTransferFunctionScriptingTraits (0ms)
			SetupTypeCache (388ms)
			ReleaseScriptCaches (1ms)
			RebuildScriptCaches (55ms)
			SetupLoadedEditorAssemblies (492ms)
				LogAssemblyErrors (0ms)
				InitializePlatformSupportModulesInManaged (6ms)
				SetLoadedEditorAssemblies (1ms)
				RefreshPlugins (1ms)
				BeforeProcessingInitializeOnLoad (118ms)
				ProcessInitializeOnLoadAttributes (349ms)
				ProcessInitializeOnLoadMethodAttributes (7ms)
				AfterProcessingInitializeOnLoad (10ms)
				EditorAssembliesLoaded (0ms)
			ExecutionOrderSort2 (0ms)
			AwakeInstancesAfterBackupRestoration (18ms)
Platform modules already initialized, skipping
Refreshing native plugins compatible for Editor in 0.85 ms, found 3 plugins.
Preloading 0 native plugins for Editor in 0.00 ms.
Unloading 3136 Unused Serialized files (Serialized files now loaded: 0)
System memory in use before: 135.0 MB.
System memory in use after: 135.2 MB.

Unloading 17 unused Assets to reduce memory usage. Loaded Objects now: 3696.
Total: 4.069700 ms (FindLiveObjects: 0.328000 ms CreateObjectMapping: 0.193700 ms MarkObjects: 3.527700 ms  DeleteObjects: 0.019300 ms)

AssetImportParameters requested are different than current active one (requested -> active):
  custom:framework-win-MediaFoundation: 216162199b28c13a410421893ffa2e32 -> 
  custom:video-decoder-ogg-theora: a1e56fd34408186e4bbccfd4996cb3dc -> 
  custom:container-muxer-webm: aa71ff27fc2769a1b78a27578f13a17b -> 
  custom:container-demuxer-webm: 4f35f7cbe854078d1ac9338744f61a02 -> 
  custom:container-demuxer-ogg: 62fdf1f143b41e24485cea50d1cbac27 -> 
  custom:video-encoder-webm-vp8: eb34c28f22e8b96e1ab97ce403110664 -> 
  custom:video-codec-MediaFoundation-h265: 746d11721c4dcdbdad8f713fa42b33f4 -> 
  custom:video-decoder-webm-vp8: 9c59270c3fd7afecdb556c50c9e8de78 -> 
  custom:audio-decoder-ogg-vorbis: bf7c407c2cedff20999df2af8eb42d56 -> 
  custom:audio-encoder-webm-vorbis: bf7c407c2cedff20999df2af8eb42d56 -> 
========================================================================
Received Prepare
Registering precompiled user dll's ...
Registered in 0.007469 seconds.
Begin MonoManager ReloadAssembly
Native extension for WindowsStandalone target not found
Native extension for WebGL target not found
Refreshing native plugins compatible for Editor in 0.85 ms, found 3 plugins.
Preloading 0 native plugins for Editor in 0.00 ms.
Mono: successfully reloaded assembly
- Completed reload, in  1.423 seconds
Domain Reload Profiling:
	ReloadAssembly (1424ms)
		BeginReloadAssembly (135ms)
			ExecutionOrderSort (0ms)
			DisableScriptedObjects (8ms)
			BackupInstance (0ms)
			ReleaseScriptingObjects (0ms)
			CreateAndSetChildDomain (41ms)
		EndReloadAssembly (1212ms)
			LoadAssemblies (132ms)
			RebuildTransferFunctionScriptingTraits (0ms)
			SetupTypeCache (389ms)
			ReleaseScriptCaches (1ms)
			RebuildScriptCaches (60ms)
			SetupLoadedEditorAssemblies (487ms)
				LogAssemblyErrors (0ms)
				InitializePlatformSupportModulesInManaged (6ms)
				SetLoadedEditorAssemblies (1ms)
				RefreshPlugins (1ms)
				BeforeProcessingInitializeOnLoad (120ms)
				ProcessInitializeOnLoadAttributes (342ms)
				ProcessInitializeOnLoadMethodAttributes (6ms)
				AfterProcessingInitializeOnLoad (10ms)
				EditorAssembliesLoaded (0ms)
			ExecutionOrderSort2 (0ms)
			AwakeInstancesAfterBackupRestoration (17ms)
Platform modules already initialized, skipping
Refreshing native plugins compatible for Editor in 0.84 ms, found 3 plugins.
Preloading 0 native plugins for Editor in 0.00 ms.
Unloading 3136 Unused Serialized files (Serialized files now loaded: 0)
System memory in use before: 134.8 MB.
System memory in use after: 135.1 MB.

Unloading 17 unused Assets to reduce memory usage. Loaded Objects now: 3699.
Total: 4.426600 ms (FindLiveObjects: 0.353100 ms CreateObjectMapping: 0.198000 ms MarkObjects: 3.852700 ms  DeleteObjects: 0.021500 ms)

AssetImportParameters requested are different than current active one (requested -> active):
  custom:framework-win-MediaFoundation: 216162199b28c13a410421893ffa2e32 -> 
  custom:video-decoder-ogg-theora: a1e56fd34408186e4bbccfd4996cb3dc -> 
  custom:container-muxer-webm: aa71ff27fc2769a1b78a27578f13a17b -> 
  custom:container-demuxer-webm: 4f35f7cbe854078d1ac9338744f61a02 -> 
  custom:container-demuxer-ogg: 62fdf1f143b41e24485cea50d1cbac27 -> 
  custom:video-encoder-webm-vp8: eb34c28f22e8b96e1ab97ce403110664 -> 
  custom:video-codec-MediaFoundation-h265: 746d11721c4dcdbdad8f713fa42b33f4 -> 
  custom:video-decoder-webm-vp8: 9c59270c3fd7afecdb556c50c9e8de78 -> 
  custom:audio-decoder-ogg-vorbis: bf7c407c2cedff20999df2af8eb42d56 -> 
  custom:audio-encoder-webm-vorbis: bf7c407c2cedff20999df2af8eb42d56 -> 
========================================================================
Received Prepare
Registering precompiled user dll's ...
Registered in 0.007869 seconds.
Begin MonoManager ReloadAssembly
Native extension for WindowsStandalone target not found
Native extension for WebGL target not found
Refreshing native plugins compatible for Editor in 0.85 ms, found 3 plugins.
Preloading 0 native plugins for Editor in 0.00 ms.
Mono: successfully reloaded assembly
- Completed reload, in  1.427 seconds
Domain Reload Profiling:
	ReloadAssembly (1427ms)
		BeginReloadAssembly (133ms)
			ExecutionOrderSort (0ms)
			DisableScriptedObjects (8ms)
			BackupInstance (0ms)
			ReleaseScriptingObjects (0ms)
			CreateAndSetChildDomain (40ms)
		EndReloadAssembly (1216ms)
			LoadAssemblies (133ms)
			RebuildTransferFunctionScriptingTraits (0ms)
			SetupTypeCache (382ms)
			ReleaseScriptCaches (1ms)
			RebuildScriptCaches (56ms)
			SetupLoadedEditorAssemblies (495ms)
				LogAssemblyErrors (0ms)
				InitializePlatformSupportModulesInManaged (6ms)
				SetLoadedEditorAssemblies (1ms)
				RefreshPlugins (1ms)
				BeforeProcessingInitializeOnLoad (117ms)
				ProcessInitializeOnLoadAttributes (351ms)
				ProcessInitializeOnLoadMethodAttributes (7ms)
				AfterProcessingInitializeOnLoad (13ms)
				EditorAssembliesLoaded (0ms)
			ExecutionOrderSort2 (0ms)
			AwakeInstancesAfterBackupRestoration (19ms)
Platform modules already initialized, skipping
Refreshing native plugins compatible for Editor in 0.83 ms, found 3 plugins.
Preloading 0 native plugins for Editor in 0.00 ms.
Unloading 3136 Unused Serialized files (Serialized files now loaded: 0)
System memory in use before: 135.0 MB.
System memory in use after: 135.3 MB.

Unloading 17 unused Assets to reduce memory usage. Loaded Objects now: 3702.
Total: 4.014800 ms (FindLiveObjects: 0.327100 ms CreateObjectMapping: 0.193800 ms MarkObjects: 3.475100 ms  DeleteObjects: 0.017800 ms)

AssetImportParameters requested are different than current active one (requested -> active):
  custom:framework-win-MediaFoundation: 216162199b28c13a410421893ffa2e32 -> 
  custom:video-decoder-ogg-theora: a1e56fd34408186e4bbccfd4996cb3dc -> 
  custom:container-muxer-webm: aa71ff27fc2769a1b78a27578f13a17b -> 
  custom:container-demuxer-webm: 4f35f7cbe854078d1ac9338744f61a02 -> 
  custom:container-demuxer-ogg: 62fdf1f143b41e24485cea50d1cbac27 -> 
  custom:video-encoder-webm-vp8: eb34c28f22e8b96e1ab97ce403110664 -> 
  custom:video-codec-MediaFoundation-h265: 746d11721c4dcdbdad8f713fa42b33f4 -> 
  custom:video-decoder-webm-vp8: 9c59270c3fd7afecdb556c50c9e8de78 -> 
  custom:audio-decoder-ogg-vorbis: bf7c407c2cedff20999df2af8eb42d56 -> 
  custom:audio-encoder-webm-vorbis: bf7c407c2cedff20999df2af8eb42d56 -> 
========================================================================
Received Import Request.
  Time since last request: 265.257417 seconds.
  path: Assets/Scripts/PlayerBehaviour.cs
  artifactKey: Guid(a7f8e2a041ecc584b934122fe6ef9fae) Importer(815301076,1909f56bfc062723c751e8b465ee728b)
Start importing Assets/Scripts/PlayerBehaviour.cs using Guid(a7f8e2a041ecc584b934122fe6ef9fae) Importer(815301076,1909f56bfc062723c751e8b465ee728b)  -> (artifact id: '46f58f1eb308eba536750e574b9046e3') in 0.008889 seconds 
  Import took 0.015810 seconds .

========================================================================
Received Import Request.
  Time since last request: 0.036208 seconds.
  path: Assets/Scripts/PlayerBehaviour.cs
  artifactKey: Guid(a7f8e2a041ecc584b934122fe6ef9fae) Importer(815301076,1909f56bfc062723c751e8b465ee728b)
Start importing Assets/Scripts/PlayerBehaviour.cs using Guid(a7f8e2a041ecc584b934122fe6ef9fae) Importer(815301076,1909f56bfc062723c751e8b465ee728b)  -> (artifact id: '46f58f1eb308eba536750e574b9046e3') in 0.002905 seconds 
  Import took 0.008482 seconds .

========================================================================
Received Import Request.
  Time since last request: 19.256404 seconds.
  path: Assets/Prefabs/Abilities
  artifactKey: Guid(725b8394bfb1d9b498e09c194806b7e6) Importer(815301076,1909f56bfc062723c751e8b465ee728b)
Start importing Assets/Prefabs/Abilities using Guid(725b8394bfb1d9b498e09c194806b7e6) Importer(815301076,1909f56bfc062723c751e8b465ee728b)  -> (artifact id: 'c1bcedc649e9e4317b5f3084e7fabd4c') in 0.003210 seconds 
  Import took 0.019046 seconds .

========================================================================
Received Import Request.
  Time since last request: 17.051636 seconds.
  path: Assets/Prefabs/Abilities/Escape].asset
  artifactKey: Guid(7e35d8ed692de8042902d0a7a1b68060) Importer(815301076,1909f56bfc062723c751e8b465ee728b)
Start importing Assets/Prefabs/Abilities/Escape].asset using Guid(7e35d8ed692de8042902d0a7a1b68060) Importer(815301076,1909f56bfc062723c751e8b465ee728b)  -> (artifact id: '1098255fb934b62155a23ed0d5f16c80') in 0.019941 seconds 
  Import took 0.025690 seconds .

========================================================================
Received Import Request.
  Time since last request: 5.599757 seconds.
  path: Assets/Prefabs/Abilities/Escape.asset
  artifactKey: Guid(7e35d8ed692de8042902d0a7a1b68060) Importer(815301076,1909f56bfc062723c751e8b465ee728b)
Start importing Assets/Prefabs/Abilities/Escape.asset using Guid(7e35d8ed692de8042902d0a7a1b68060) Importer(815301076,1909f56bfc062723c751e8b465ee728b)  -> (artifact id: 'dea03b3695d6b93acf8bba2b75639928') in 0.003803 seconds 
  Import took 0.009434 seconds .

========================================================================
Received Import Request.
  Time since last request: 14.851265 seconds.
  path: Assets/Prefabs/Abilities/Escape.asset
  artifactKey: Guid(7e35d8ed692de8042902d0a7a1b68060) Importer(815301076,1909f56bfc062723c751e8b465ee728b)
Start importing Assets/Prefabs/Abilities/Escape.asset using Guid(7e35d8ed692de8042902d0a7a1b68060) Importer(815301076,1909f56bfc062723c751e8b465ee728b)  -> (artifact id: 'f5d4e04e5770a6f62dedb7eeab35d880') in 0.003627 seconds 
  Import took 0.009358 seconds .

========================================================================
Received Import Request.
  Time since last request: 79.514077 seconds.
  path: Assets/Scripts/Ability.cs
  artifactKey: Guid(d12631c384ab35640b627343630c2753) Importer(815301076,1909f56bfc062723c751e8b465ee728b)
Start importing Assets/Scripts/Ability.cs using Guid(d12631c384ab35640b627343630c2753) Importer(815301076,1909f56bfc062723c751e8b465ee728b)  -> (artifact id: 'a95505139c083a914aa559e3aedcbcc1') in 0.003330 seconds 
  Import took 0.009065 seconds .

========================================================================
Received Import Request.
  Time since last request: 8.534553 seconds.
  path: Assets/Scripts/IEffect.cs
  artifactKey: Guid(faf9f3796c26bf24ba0e49a4b462bdf5) Importer(815301076,1909f56bfc062723c751e8b465ee728b)
Start importing Assets/Scripts/IEffect.cs using Guid(faf9f3796c26bf24ba0e49a4b462bdf5) Importer(815301076,1909f56bfc062723c751e8b465ee728b)  -> (artifact id: '1de9892e8333d70ef4ae467e0a617913') in 0.003279 seconds 
  Import took 0.008909 seconds .

========================================================================
Received Import Request.
  Time since last request: 6.154705 seconds.
  path: Assets/Scripts/ButtonManager.cs
  artifactKey: Guid(e39bf220dadabb141ac7d0db8365a6ff) Importer(815301076,1909f56bfc062723c751e8b465ee728b)
Start importing Assets/Scripts/ButtonManager.cs using Guid(e39bf220dadabb141ac7d0db8365a6ff) Importer(815301076,1909f56bfc062723c751e8b465ee728b)  -> (artifact id: 'f7c2573ecc987198f953d6e61be671a8') in 0.002879 seconds 
  Import took 0.008507 seconds .

========================================================================
Received Import Request.
  Time since last request: 61.969177 seconds.
  path: Assets/Scenes/Overworld.unity
  artifactKey: Guid(478a4fb3f2536384fa07925cdb9cb9e3) Importer(815301076,1909f56bfc062723c751e8b465ee728b)
Start importing Assets/Scenes/Overworld.unity using Guid(478a4fb3f2536384fa07925cdb9cb9e3) Importer(815301076,1909f56bfc062723c751e8b465ee728b)  -> (artifact id: '1a744c0621041a55723fa3b304110b89') in 0.004211 seconds 
  Import took 0.010278 seconds .

========================================================================
Received Import Request.
  Time since last request: 127.694160 seconds.
  path: Assets/Prefabs/BattleCanvas.prefab
  artifactKey: Guid(7230cc7c50e08444ca3f8fb026a9242a) Importer(815301076,1909f56bfc062723c751e8b465ee728b)
Start importing Assets/Prefabs/BattleCanvas.prefab using Guid(7230cc7c50e08444ca3f8fb026a9242a) Importer(815301076,1909f56bfc062723c751e8b465ee728b)  -> (artifact id: 'afb5e34eaf388e76913cf651926fdd56') in 0.064456 seconds 
  Import took 0.071570 seconds .

========================================================================
Received Import Request.
  Time since last request: 203.024335 seconds.
  path: Assets/Prefabs/BattleCanvas.prefab
  artifactKey: Guid(7230cc7c50e08444ca3f8fb026a9242a) Importer(815301076,1909f56bfc062723c751e8b465ee728b)
Start importing Assets/Prefabs/BattleCanvas.prefab using Guid(7230cc7c50e08444ca3f8fb026a9242a) Importer(815301076,1909f56bfc062723c751e8b465ee728b)  -> (artifact id: '6fddba202af9e3e392deaa2c327ac3f8') in 0.014192 seconds 
  Import took 0.020466 seconds .

========================================================================
Received Import Request.
  Time since last request: 15.655245 seconds.
  path: Assets/Prefabs/BattleCanvas.prefab
  artifactKey: Guid(7230cc7c50e08444ca3f8fb026a9242a) Importer(815301076,1909f56bfc062723c751e8b465ee728b)
Start importing Assets/Prefabs/BattleCanvas.prefab using Guid(7230cc7c50e08444ca3f8fb026a9242a) Importer(815301076,1909f56bfc062723c751e8b465ee728b)  -> (artifact id: '4ced1635c1e9ac3c02690824635beefc') in 0.012510 seconds 
  Import took 0.018566 seconds .

========================================================================
Received Import Request.
  Time since last request: 5.619359 seconds.
  path: Assets/Prefabs/BattleCanvas.prefab
  artifactKey: Guid(7230cc7c50e08444ca3f8fb026a9242a) Importer(815301076,1909f56bfc062723c751e8b465ee728b)
Start importing Assets/Prefabs/BattleCanvas.prefab using Guid(7230cc7c50e08444ca3f8fb026a9242a) Importer(815301076,1909f56bfc062723c751e8b465ee728b)  -> (artifact id: '7b592e8cb108e4c556d77cb361759cca') in 0.013907 seconds 
  Import took 0.019943 seconds .

========================================================================
Received Import Request.
  Time since last request: 9.666717 seconds.
  path: Assets/Prefabs/BattleCanvas.prefab
  artifactKey: Guid(7230cc7c50e08444ca3f8fb026a9242a) Importer(815301076,1909f56bfc062723c751e8b465ee728b)
Start importing Assets/Prefabs/BattleCanvas.prefab using Guid(7230cc7c50e08444ca3f8fb026a9242a) Importer(815301076,1909f56bfc062723c751e8b465ee728b)  -> (artifact id: '8cb345789cc9b2599993892adca44aee') in 0.013005 seconds 
  Import took 0.019243 seconds .

========================================================================
Received Import Request.
  Time since last request: 38.560263 seconds.
  path: Assets/Prefabs/BattleCanvas.prefab
  artifactKey: Guid(7230cc7c50e08444ca3f8fb026a9242a) Importer(815301076,1909f56bfc062723c751e8b465ee728b)
Start importing Assets/Prefabs/BattleCanvas.prefab using Guid(7230cc7c50e08444ca3f8fb026a9242a) Importer(815301076,1909f56bfc062723c751e8b465ee728b)  -> (artifact id: '9d8962cd207a35db9eeee5db9a10da09') in 0.013374 seconds 
  Import took 0.019968 seconds .

========================================================================
Received Import Request.
  Time since last request: 23.933387 seconds.
  path: Assets/Prefabs/BattleCanvas.prefab
  artifactKey: Guid(7230cc7c50e08444ca3f8fb026a9242a) Importer(815301076,1909f56bfc062723c751e8b465ee728b)
Start importing Assets/Prefabs/BattleCanvas.prefab using Guid(7230cc7c50e08444ca3f8fb026a9242a) Importer(815301076,1909f56bfc062723c751e8b465ee728b)  -> (artifact id: 'cf1e991ee1b1b4b25b78188c528f8140') in 0.013018 seconds 
  Import took 0.019374 seconds .

========================================================================
Received Import Request.
  Time since last request: 3.019939 seconds.
  path: Assets/Prefabs/BattleCanvas.prefab
  artifactKey: Guid(7230cc7c50e08444ca3f8fb026a9242a) Importer(815301076,1909f56bfc062723c751e8b465ee728b)
Start importing Assets/Prefabs/BattleCanvas.prefab using Guid(7230cc7c50e08444ca3f8fb026a9242a) Importer(815301076,1909f56bfc062723c751e8b465ee728b)  -> (artifact id: '9e7d1600065080a469cd78e5ab8e3f7a') in 0.013285 seconds 
  Import took 0.019599 seconds .

========================================================================
Received Import Request.
  Time since last request: 25.636734 seconds.
  path: Assets/Prefabs/BattleCanvas.prefab
  artifactKey: Guid(7230cc7c50e08444ca3f8fb026a9242a) Importer(815301076,1909f56bfc062723c751e8b465ee728b)
Start importing Assets/Prefabs/BattleCanvas.prefab using Guid(7230cc7c50e08444ca3f8fb026a9242a) Importer(815301076,1909f56bfc062723c751e8b465ee728b)  -> (artifact id: '010db2e14f4ab4d3a3db5daefb8ff740') in 0.012961 seconds 
  Import took 0.019303 seconds .

========================================================================
Received Import Request.
  Time since last request: 8.459553 seconds.
  path: Assets/Prefabs/BattleCanvas.prefab
  artifactKey: Guid(7230cc7c50e08444ca3f8fb026a9242a) Importer(815301076,1909f56bfc062723c751e8b465ee728b)
Start importing Assets/Prefabs/BattleCanvas.prefab using Guid(7230cc7c50e08444ca3f8fb026a9242a) Importer(815301076,1909f56bfc062723c751e8b465ee728b)  -> (artifact id: '3623def6b09bd6904fc26298bcbdadfe') in 0.013976 seconds 
  Import took 0.020258 seconds .

========================================================================
Received Import Request.
  Time since last request: 3.422075 seconds.
  path: Assets/Prefabs/BattleCanvas.prefab
  artifactKey: Guid(7230cc7c50e08444ca3f8fb026a9242a) Importer(815301076,1909f56bfc062723c751e8b465ee728b)
Start importing Assets/Prefabs/BattleCanvas.prefab using Guid(7230cc7c50e08444ca3f8fb026a9242a) Importer(815301076,1909f56bfc062723c751e8b465ee728b)  -> (artifact id: '39143e582ae9e840658d5f6429816c55') in 0.012775 seconds 
  Import took 0.018833 seconds .

========================================================================
Received Import Request.
  Time since last request: 5.216589 seconds.
  path: Assets/Prefabs/BattleCanvas.prefab
  artifactKey: Guid(7230cc7c50e08444ca3f8fb026a9242a) Importer(815301076,1909f56bfc062723c751e8b465ee728b)
Start importing Assets/Prefabs/BattleCanvas.prefab using Guid(7230cc7c50e08444ca3f8fb026a9242a) Importer(815301076,1909f56bfc062723c751e8b465ee728b)  -> (artifact id: 'ca143b22e94307a554c039f8f0484669') in 0.013641 seconds 
  Import took 0.019853 seconds .

========================================================================
Received Import Request.
  Time since last request: 2.198198 seconds.
  path: Assets/Prefabs/BattleCanvas.prefab
  artifactKey: Guid(7230cc7c50e08444ca3f8fb026a9242a) Importer(815301076,1909f56bfc062723c751e8b465ee728b)
Start importing Assets/Prefabs/BattleCanvas.prefab using Guid(7230cc7c50e08444ca3f8fb026a9242a) Importer(815301076,1909f56bfc062723c751e8b465ee728b)  -> (artifact id: 'd686f3d92423da08fd23b2601c330362') in 0.013328 seconds 
  Import took 0.019571 seconds .

========================================================================
Received Import Request.
  Time since last request: 6.253976 seconds.
  path: Assets/Prefabs/BattleCanvas.prefab
  artifactKey: Guid(7230cc7c50e08444ca3f8fb026a9242a) Importer(815301076,1909f56bfc062723c751e8b465ee728b)
Start importing Assets/Prefabs/BattleCanvas.prefab using Guid(7230cc7c50e08444ca3f8fb026a9242a) Importer(815301076,1909f56bfc062723c751e8b465ee728b)  -> (artifact id: '7eb285e629d3499a64cc7100b2fd6a24') in 0.012895 seconds 
  Import took 0.026433 seconds .

========================================================================
Received Import Request.
  Time since last request: 16.713306 seconds.
  path: Assets/Prefabs/BattleCanvas.prefab
  artifactKey: Guid(7230cc7c50e08444ca3f8fb026a9242a) Importer(815301076,1909f56bfc062723c751e8b465ee728b)
Start importing Assets/Prefabs/BattleCanvas.prefab using Guid(7230cc7c50e08444ca3f8fb026a9242a) Importer(815301076,1909f56bfc062723c751e8b465ee728b)  -> (artifact id: '758ec0124b9361f5075842237f36baf9') in 0.013496 seconds 
  Import took 0.019722 seconds .

========================================================================
Received Import Request.
  Time since last request: 1.399741 seconds.
  path: Assets/Prefabs/BattleCanvas.prefab
  artifactKey: Guid(7230cc7c50e08444ca3f8fb026a9242a) Importer(815301076,1909f56bfc062723c751e8b465ee728b)
Start importing Assets/Prefabs/BattleCanvas.prefab using Guid(7230cc7c50e08444ca3f8fb026a9242a) Importer(815301076,1909f56bfc062723c751e8b465ee728b)  -> (artifact id: '8a8cd9162373045d276c93aa8cf58af1') in 0.014498 seconds 
  Import took 0.021021 seconds .

========================================================================
Received Import Request.
  Time since last request: 21.993832 seconds.
  path: Assets/Prefabs/BattleCanvas.prefab
  artifactKey: Guid(7230cc7c50e08444ca3f8fb026a9242a) Importer(815301076,1909f56bfc062723c751e8b465ee728b)
Start importing Assets/Prefabs/BattleCanvas.prefab using Guid(7230cc7c50e08444ca3f8fb026a9242a) Importer(815301076,1909f56bfc062723c751e8b465ee728b)  -> (artifact id: '92986a25f9e513171bf0e175a61aaf9f') in 0.013026 seconds 
  Import took 0.019105 seconds .

========================================================================
Received Import Request.
  Time since last request: 30.114298 seconds.
  path: Assets/Prefabs/BattleCanvas.prefab
  artifactKey: Guid(7230cc7c50e08444ca3f8fb026a9242a) Importer(815301076,1909f56bfc062723c751e8b465ee728b)
Start importing Assets/Prefabs/BattleCanvas.prefab using Guid(7230cc7c50e08444ca3f8fb026a9242a) Importer(815301076,1909f56bfc062723c751e8b465ee728b)  -> (artifact id: '09fa6298618eb5722be73d0d816b7f2a') in 0.013207 seconds 
  Import took 0.019368 seconds .

========================================================================
Received Prepare
Registering precompiled user dll's ...
Registered in 0.007386 seconds.
Begin MonoManager ReloadAssembly
Native extension for WindowsStandalone target not found
Native extension for WebGL target not found
Refreshing native plugins compatible for Editor in 0.83 ms, found 3 plugins.
Preloading 0 native plugins for Editor in 0.00 ms.
Mono: successfully reloaded assembly
- Completed reload, in  1.396 seconds
Domain Reload Profiling:
	ReloadAssembly (1397ms)
		BeginReloadAssembly (136ms)
			ExecutionOrderSort (0ms)
			DisableScriptedObjects (8ms)
			BackupInstance (0ms)
			ReleaseScriptingObjects (0ms)
			CreateAndSetChildDomain (42ms)
		EndReloadAssembly (1183ms)
			LoadAssemblies (133ms)
			RebuildTransferFunctionScriptingTraits (0ms)
			SetupTypeCache (378ms)
			ReleaseScriptCaches (2ms)
			RebuildScriptCaches (54ms)
			SetupLoadedEditorAssemblies (475ms)
				LogAssemblyErrors (0ms)
				InitializePlatformSupportModulesInManaged (6ms)
				SetLoadedEditorAssemblies (1ms)
				RefreshPlugins (1ms)
				BeforeProcessingInitializeOnLoad (117ms)
				ProcessInitializeOnLoadAttributes (334ms)
				ProcessInitializeOnLoadMethodAttributes (6ms)
				AfterProcessingInitializeOnLoad (10ms)
				EditorAssembliesLoaded (0ms)
			ExecutionOrderSort2 (0ms)
			AwakeInstancesAfterBackupRestoration (17ms)
Platform modules already initialized, skipping
Refreshing native plugins compatible for Editor in 0.85 ms, found 3 plugins.
Preloading 0 native plugins for Editor in 0.00 ms.
Unloading 3136 Unused Serialized files (Serialized files now loaded: 0)
System memory in use before: 135.2 MB.
System memory in use after: 135.4 MB.

Unloading 19 unused Assets to reduce memory usage. Loaded Objects now: 3707.
Total: 3.179800 ms (FindLiveObjects: 0.317900 ms CreateObjectMapping: 0.186100 ms MarkObjects: 2.647100 ms  DeleteObjects: 0.027700 ms)

AssetImportParameters requested are different than current active one (requested -> active):
  custom:framework-win-MediaFoundation: 216162199b28c13a410421893ffa2e32 -> 
  custom:video-decoder-ogg-theora: a1e56fd34408186e4bbccfd4996cb3dc -> 
  custom:container-muxer-webm: aa71ff27fc2769a1b78a27578f13a17b -> 
  custom:container-demuxer-webm: 4f35f7cbe854078d1ac9338744f61a02 -> 
  custom:container-demuxer-ogg: 62fdf1f143b41e24485cea50d1cbac27 -> 
  custom:video-encoder-webm-vp8: eb34c28f22e8b96e1ab97ce403110664 -> 
  custom:video-codec-MediaFoundation-h265: 746d11721c4dcdbdad8f713fa42b33f4 -> 
  custom:video-decoder-webm-vp8: 9c59270c3fd7afecdb556c50c9e8de78 -> 
  custom:audio-decoder-ogg-vorbis: bf7c407c2cedff20999df2af8eb42d56 -> 
  custom:audio-encoder-webm-vorbis: bf7c407c2cedff20999df2af8eb42d56 -> 
========================================================================
Received Import Request.
  Time since last request: 56.839035 seconds.
  path: Assets/Prefabs/PlayerOne.prefab
  artifactKey: Guid(375d47b7130e56b4ab881dfeb19ba756) Importer(815301076,1909f56bfc062723c751e8b465ee728b)
Start importing Assets/Prefabs/PlayerOne.prefab using Guid(375d47b7130e56b4ab881dfeb19ba756) Importer(815301076,1909f56bfc062723c751e8b465ee728b)  -> (artifact id: '25c073471b554b32fc876bdc7cf0d8b1') in 0.263648 seconds 
  Import took 0.269293 seconds .

========================================================================
Received Prepare
Registering precompiled user dll's ...
Registered in 0.007334 seconds.
Begin MonoManager ReloadAssembly
Native extension for WindowsStandalone target not found
Native extension for WebGL target not found
Refreshing native plugins compatible for Editor in 0.83 ms, found 3 plugins.
Preloading 0 native plugins for Editor in 0.00 ms.
Mono: successfully reloaded assembly
- Completed reload, in  1.458 seconds
Domain Reload Profiling:
	ReloadAssembly (1459ms)
		BeginReloadAssembly (154ms)
			ExecutionOrderSort (0ms)
			DisableScriptedObjects (10ms)
			BackupInstance (0ms)
			ReleaseScriptingObjects (0ms)
			CreateAndSetChildDomain (43ms)
		EndReloadAssembly (1229ms)
			LoadAssemblies (133ms)
			RebuildTransferFunctionScriptingTraits (0ms)
			SetupTypeCache (382ms)
			ReleaseScriptCaches (1ms)
			RebuildScriptCaches (54ms)
			SetupLoadedEditorAssemblies (481ms)
				LogAssemblyErrors (0ms)
				InitializePlatformSupportModulesInManaged (6ms)
				SetLoadedEditorAssemblies (1ms)
				RefreshPlugins (1ms)
				BeforeProcessingInitializeOnLoad (123ms)
				ProcessInitializeOnLoadAttributes (333ms)
				ProcessInitializeOnLoadMethodAttributes (6ms)
				AfterProcessingInitializeOnLoad (10ms)
				EditorAssembliesLoaded (0ms)
			ExecutionOrderSort2 (0ms)
			AwakeInstancesAfterBackupRestoration (24ms)
Platform modules already initialized, skipping
Refreshing native plugins compatible for Editor in 0.83 ms, found 3 plugins.
Preloading 0 native plugins for Editor in 0.00 ms.
Unloading 3136 Unused Serialized files (Serialized files now loaded: 0)
System memory in use before: 140.4 MB.
System memory in use after: 140.6 MB.

Unloading 19 unused Assets to reduce memory usage. Loaded Objects now: 3755.
Total: 4.278000 ms (FindLiveObjects: 0.334600 ms CreateObjectMapping: 0.190500 ms MarkObjects: 3.722900 ms  DeleteObjects: 0.028700 ms)

AssetImportParameters requested are different than current active one (requested -> active):
  custom:framework-win-MediaFoundation: 216162199b28c13a410421893ffa2e32 -> 
  custom:video-decoder-ogg-theora: a1e56fd34408186e4bbccfd4996cb3dc -> 
  custom:container-muxer-webm: aa71ff27fc2769a1b78a27578f13a17b -> 
  custom:container-demuxer-webm: 4f35f7cbe854078d1ac9338744f61a02 -> 
  custom:container-demuxer-ogg: 62fdf1f143b41e24485cea50d1cbac27 -> 
  custom:video-encoder-webm-vp8: eb34c28f22e8b96e1ab97ce403110664 -> 
  custom:video-codec-MediaFoundation-h265: 746d11721c4dcdbdad8f713fa42b33f4 -> 
  custom:video-decoder-webm-vp8: 9c59270c3fd7afecdb556c50c9e8de78 -> 
  custom:audio-decoder-ogg-vorbis: bf7c407c2cedff20999df2af8eb42d56 -> 
  custom:audio-encoder-webm-vorbis: bf7c407c2cedff20999df2af8eb42d56 -> 
AssetImportWorkerClient::OnTransportError - code=2 error=End of file
